#
# There is insufficient memory for the Java Runtime Environment to continue.
# Native memory allocation (mmap) failed to map 268435456 bytes for Failed to commit area from 0x0000000700c00000 to 0x0000000710c00000 of length 268435456.
# Possible reasons:
#   The system is out of physical RAM or swap space
#   The process is running with CompressedOops enabled, and the Java Heap may be blocking the growth of the native heap
# Possible solutions:
#   Reduce memory load on the system
#   Increase physical memory or swap space
#   Check if swap backing store is full
#   Decrease Java heap size (-Xmx/-Xms)
#   Decrease number of Java threads
#   Decrease Java thread stack sizes (-Xss)
#   Set larger code cache with -XX:ReservedCodeCacheSize=
# This output file may be truncated or incomplete.
#
#  Out of Memory Error (./open/src/hotspot/os/windows/os_windows.cpp:3273), pid=10388, tid=6900
#
# JRE version:  (11.0.10+8) (build )
# Java VM: Java HotSpot(TM) 64-Bit Server VM (11.0.10+8-LTS-162, mixed mode, sharing, tiered, compressed oops, g1 gc, windows-amd64)
# No core dump will be written. Minidumps are not enabled by default on client versions of Windows
#

---------------  S U M M A R Y ------------

Command Line: -javaagent:C:\Program Files\JetBrains\IntelliJ IDEA Community Edition 2022.3.1\lib\idea_rt.jar=62797:C:\Program Files\JetBrains\IntelliJ IDEA Community Edition 2022.3.1\bin -Dfile.encoding=UTF-8 com.odyssey.booktube.BooktubeApplication

Host: AMD Ryzen 9 5900X 12-Core Processor            , 24 cores, 15G,  Windows 10 , 64 bit Build 19041 (10.0.19041.2364)
Time: Tue Jan 17 20:41:42 2023 Central Standard Time elapsed time: 0.009283 seconds (0d 0h 0m 0s)

---------------  T H R E A D  ---------------

Current thread (0x000001881e7a2800):  JavaThread "Unknown thread" [_thread_in_vm, id=6900, stack(0x0000003908a00000,0x0000003908b00000)]

Stack: [0x0000003908a00000,0x0000003908b00000]
Native frames: (J=compiled Java code, j=interpreted, Vv=VM code, C=native code)
V  [jvm.dll+0x613e6a]
V  [jvm.dll+0x74c1ff]
V  [jvm.dll+0x74d885]
V  [jvm.dll+0x74df03]
V  [jvm.dll+0x243b78]
V  [jvm.dll+0x61125a]
V  [jvm.dll+0x606165]
V  [jvm.dll+0x2f85fc]
V  [jvm.dll+0x2f8482]
V  [jvm.dll+0x2fd136]
V  [jvm.dll+0x33f6bf]
V  [jvm.dll+0x33f0f0]
V  [jvm.dll+0x2d5d08]
V  [jvm.dll+0x2d6e66]
V  [jvm.dll+0x727d17]
V  [jvm.dll+0x7295bf]
V  [jvm.dll+0x34c4a9]
V  [jvm.dll+0x70d6b0]
V  [jvm.dll+0x3b584f]
V  [jvm.dll+0x3b7951]
C  [jli.dll+0x520b]
C  [ucrtbase.dll+0x21bb2]
C  [KERNEL32.DLL+0x17614]
C  [ntdll.dll+0x526a1]


---------------  P R O C E S S  ---------------

Threads class SMR info:
_java_thread_list=0x000001881c4929c0, length=0, elements={
}

Java Threads: ( => current thread )

Other Threads:
  0x000001881e7ba000 GCTaskThread "GC Thread#0" [stack: 0x0000003908b00000,0x0000003908c00000] [id=820]
  0x000001881e81a000 ConcurrentGCThread "G1 Main Marker" [stack: 0x0000003908c00000,0x0000003908d00000] [id=23292]
  0x000001881e81b800 ConcurrentGCThread "G1 Conc#0" [stack: 0x0000003908d00000,0x0000003908e00000] [id=7832]

[error occurred during error reporting (printing all threads), id 0xc0000005, EXCEPTION_ACCESS_VIOLATION (0xc0000005) at pc=0x00007ffa70c34f57]

VM state:not at safepoint (not fully initialized)

VM Mutex/Monitor currently owned by a thread:  ([mutex/lock_event])
[0x000001881e79fed0] Heap_lock - owner thread: 0x000001881e7a2800

Heap address: 0x0000000700c00000, size: 4084 MB, Compressed Oops mode: Non-zero based: 0x0000000700c00000
Narrow klass base: 0x0000000000000000, Narrow klass shift: 0

GC Heap History (0 events):
No events

Deoptimization events (0 events):
No events

Classes redefined (0 events):
No events

Internal exceptions (0 events):
No events

Events (0 events):
No events


Dynamic libraries:
0x00007ff7e4ed0000 - 0x00007ff7e4edf000 	C:\Program Files\Java\jdk-11.0.10\bin\java.exe
0x00007ffb0d2f0000 - 0x00007ffb0d4e8000 	C:\WINDOWS\SYSTEM32\ntdll.dll
0x00007ffad0310000 - 0x00007ffad0327000 	C:\Program Files\Avast Software\Avast\aswhook.dll
0x00007ffb0c6f0000 - 0x00007ffb0c7af000 	C:\WINDOWS\System32\KERNEL32.DLL
0x00007ffb0abe0000 - 0x00007ffb0aeb2000 	C:\WINDOWS\System32\KERNELBASE.dll
0x00007ffb0aae0000 - 0x00007ffb0abe0000 	C:\WINDOWS\System32\ucrtbase.dll
0x00007ffab70d0000 - 0x00007ffab70e8000 	C:\Program Files\Java\jdk-11.0.10\bin\jli.dll
0x00007ffa8ccd0000 - 0x00007ffa8cce5000 	C:\Program Files\Java\jdk-11.0.10\bin\VCRUNTIME140.dll
0x00007ffb0d150000 - 0x00007ffb0d1fe000 	C:\WINDOWS\System32\ADVAPI32.dll
0x00007ffb0d210000 - 0x00007ffb0d2ae000 	C:\WINDOWS\System32\msvcrt.dll
0x00007ffb0c3f0000 - 0x00007ffb0c48c000 	C:\WINDOWS\System32\sechost.dll
0x00007ffb0ce30000 - 0x00007ffb0cf55000 	C:\WINDOWS\System32\RPCRT4.dll
0x00007ffb0c490000 - 0x00007ffb0c631000 	C:\WINDOWS\System32\USER32.dll
0x00007ffb0b300000 - 0x00007ffb0b322000 	C:\WINDOWS\System32\win32u.dll
0x00007ffaf7100000 - 0x00007ffaf739a000 	C:\WINDOWS\WinSxS\amd64_microsoft.windows.common-controls_6595b64144ccf1df_6.0.19041.1110_none_60b5254171f9507e\COMCTL32.dll
0x00007ffb0c8d0000 - 0x00007ffb0c8fb000 	C:\WINDOWS\System32\GDI32.dll
0x00007ffb0aec0000 - 0x00007ffb0afcf000 	C:\WINDOWS\System32\gdi32full.dll
0x00007ffb0b1f0000 - 0x00007ffb0b28d000 	C:\WINDOWS\System32\msvcp_win.dll
0x00007ffb00de0000 - 0x00007ffb00dea000 	C:\WINDOWS\SYSTEM32\VERSION.dll
0x00007ffb0d050000 - 0x00007ffb0d082000 	C:\WINDOWS\System32\IMM32.DLL
0x00007ffa8b580000 - 0x00007ffa8b61b000 	C:\Program Files\Java\jdk-11.0.10\bin\msvcp140.dll
0x00007ffa70950000 - 0x00007ffa7144b000 	C:\Program Files\Java\jdk-11.0.10\bin\server\jvm.dll
0x00007ffb0bcd0000 - 0x00007ffb0bcd8000 	C:\WINDOWS\System32\PSAPI.DLL
0x00007ffafa7c0000 - 0x00007ffafa7c9000 	C:\WINDOWS\SYSTEM32\WSOCK32.dll
0x00007ffaffd90000 - 0x00007ffaffdb7000 	C:\WINDOWS\SYSTEM32\WINMM.dll
0x00007ffb0c860000 - 0x00007ffb0c8cb000 	C:\WINDOWS\System32\WS2_32.dll
0x00007ffb091f0000 - 0x00007ffb09202000 	C:\WINDOWS\SYSTEM32\kernel.appcore.dll
0x00007ffac8de0000 - 0x00007ffac8df0000 	C:\Program Files\Java\jdk-11.0.10\bin\verify.dll
0x00007ffb08fd0000 - 0x00007ffb091b4000 	C:\WINDOWS\SYSTEM32\DBGHELP.DLL
0x00007ffaff160000 - 0x00007ffaff195000 	C:\WINDOWS\SYSTEM32\dbgcore.DLL
0x00007ffb0afd0000 - 0x00007ffb0b052000 	C:\WINDOWS\System32\bcryptPrimitives.dll
0x00007ffa8bb40000 - 0x00007ffa8bb68000 	C:\Program Files\Java\jdk-11.0.10\bin\java.dll
0x00007ffa8b8b0000 - 0x00007ffa8b8ba000 	C:\Program Files\Java\jdk-11.0.10\bin\jimage.dll
0x00007ffb050c0000 - 0x00007ffb050ce000 	C:\Program Files\Java\jdk-11.0.10\bin\instrument.dll
0x00007ffa8b890000 - 0x00007ffa8b8a6000 	C:\Program Files\Java\jdk-11.0.10\bin\zip.dll

dbghelp: loaded successfully - version: 4.0.5 - missing functions: none
symbol engine: initialized successfully - sym options: 0x614 - pdb path: .;C:\Program Files\Java\jdk-11.0.10\bin;C:\WINDOWS\SYSTEM32;C:\Program Files\Avast Software\Avast;C:\WINDOWS\WinSxS\amd64_microsoft.windows.common-controls_6595b64144ccf1df_6.0.19041.1110_none_60b5254171f9507e;C:\Program Files\Java\jdk-11.0.10\bin\server

VM Arguments:
jvm_args: -javaagent:C:\Program Files\JetBrains\IntelliJ IDEA Community Edition 2022.3.1\lib\idea_rt.jar=62797:C:\Program Files\JetBrains\IntelliJ IDEA Community Edition 2022.3.1\bin -Dfile.encoding=UTF-8 
java_command: com.odyssey.booktube.BooktubeApplication
java_class_path (initial): C:\Users\cinjo\OneDrive\Documents\Projects\booktube\target\classes;C:\Users\cinjo\.m2\repository\org\springframework\boot\spring-boot-starter-jersey\2.7.7\spring-boot-starter-jersey-2.7.7.jar;C:\Users\cinjo\.m2\repository\org\springframework\boot\spring-boot-starter-json\2.7.7\spring-boot-starter-json-2.7.7.jar;C:\Users\cinjo\.m2\repository\com\fasterxml\jackson\core\jackson-databind\2.13.4.2\jackson-databind-2.13.4.2.jar;C:\Users\cinjo\.m2\repository\com\fasterxml\jackson\datatype\jackson-datatype-jdk8\2.13.4\jackson-datatype-jdk8-2.13.4.jar;C:\Users\cinjo\.m2\repository\com\fasterxml\jackson\datatype\jackson-datatype-jsr310\2.13.4\jackson-datatype-jsr310-2.13.4.jar;C:\Users\cinjo\.m2\repository\com\fasterxml\jackson\module\jackson-module-parameter-names\2.13.4\jackson-module-parameter-names-2.13.4.jar;C:\Users\cinjo\.m2\repository\org\springframework\boot\spring-boot-starter-tomcat\2.7.7\spring-boot-starter-tomcat-2.7.7.jar;C:\Users\cinjo\.m2\repository\jakarta\annotation\jakarta.annotation-api\1.3.5\jakarta.annotation-api-1.3.5.jar;C:\Users\cinjo\.m2\repository\org\apache\tomcat\embed\tomcat-embed-core\9.0.70\tomcat-embed-core-9.0.70.jar;C:\Users\cinjo\.m2\repository\org\apache\tomcat\embed\tomcat-embed-el\9.0.70\tomcat-embed-el-9.0.70.jar;C:\Users\cinjo\.m2\repository\org\apache\tomcat\embed\tomcat-embed-websocket\9.0.70\tomcat-embed-websocket-9.0.70.jar;C:\Users\cinjo\.m2\repository\org\springframework\boot\spring-boot-starter-validation\2.7.7\spring-boot-starter-validation-2.7.7.jar;C:\Users\cinjo\.m2\repository\org\hibernate\validator\hibernate-validator\6.2.5.Final\hibernate-validator-6.2.5.Final.jar;C:\Users\cinjo\.m2\repository\org\springframework\spring-web\5.3.24\spring-web-5.3.24.jar;C:\Users\cinjo\.m2\repository\org\springframework\spring-beans\5.3.24\spring-beans-5.3.24.jar;C:\Users\cinjo\.m2\repository\org\glassfish\jersey\core\jersey-server\2.35\jersey-server-2.35.jar;C:\Users\cinjo\.m2\repository\org\glassfish\jersey\co
Launcher Type: SUN_STANDARD

[Global flags]
     intx CICompilerCount                          = 12                                        {product} {ergonomic}
     uint ConcGCThreads                            = 5                                         {product} {ergonomic}
     uint G1ConcRefinementThreads                  = 18                                        {product} {ergonomic}
   size_t G1HeapRegionSize                         = 1048576                                   {product} {ergonomic}
    uintx GCDrainStackTargetSize                   = 64                                        {product} {ergonomic}
   size_t InitialHeapSize                          = 268435456                                 {product} {ergonomic}
   size_t MarkStackSize                            = 4194304                                   {product} {ergonomic}
   size_t MaxHeapSize                              = 4282384384                                {product} {ergonomic}
   size_t MinHeapDeltaBytes                        = 1048576                                   {product} {ergonomic}
    uintx NonNMethodCodeHeapSize                   = 7594288                                {pd product} {ergonomic}
    uintx NonProfiledCodeHeapSize                  = 122031976                              {pd product} {ergonomic}
    uintx ProfiledCodeHeapSize                     = 122031976                              {pd product} {ergonomic}
    uintx ReservedCodeCacheSize                    = 251658240                              {pd product} {ergonomic}
     bool SegmentedCodeCache                       = true                                      {product} {ergonomic}
     bool UseCompressedClassPointers               = true                                 {lp64_product} {ergonomic}
     bool UseCompressedOops                        = true                                 {lp64_product} {ergonomic}
     bool UseG1GC                                  = true                                      {product} {ergonomic}
     bool UseLargePagesIndividualAllocation        = false                                  {pd product} {ergonomic}

Logging:
Log output configuration:
 #0: stdout all=warning uptime,level,tags
 #1: stderr all=off uptime,level,tags

Environment Variables:
PATH=C:\Python311\Scripts\;C:\Python311\;C:\Program Files\Common Files\Oracle\Java\javapath;C:\Windows\system32;C:\Windows;C:\Windows\System32\Wbem;C:\Windows\System32\WindowsPowerShell\v1.0\;C:\Windows\System32\OpenSSH\;C:\Program Files\PuTTY\;C:\Program Files\Microsoft VS Code\bin;C:\Program Files (x86)\NVIDIA Corporation\PhysX\Common;C:\Program Files\NVIDIA Corporation\NVIDIA NvDLISR;C:\Program Files\Git\cmd;C:\WINDOWS\system32;C:\WINDOWS;C:\WINDOWS\System32\Wbem;C:\WINDOWS\System32\WindowsPowerShell\v1.0\;C:\WINDOWS\System32\OpenSSH\;C:\Program Files (x86)\Calibre2\;C:\Program Files\Docker\Docker\resources\bin;C:\Program Files\nodejs\;C:\ProgramData\chocolatey\bin;C:\Users\cinjo\AppData\Local\Microsoft\WindowsApps;C:\Users\cinjo\AppData\Local\GitHubDesktop\bin;C:\Users\cinjo\AppData\Roaming\npm
USERNAME=cinjo
OS=Windows_NT
PROCESSOR_IDENTIFIER=AMD64 Family 25 Model 33 Stepping 0, AuthenticAMD



---------------  S Y S T E M  ---------------

OS: Windows 10 , 64 bit Build 19041 (10.0.19041.2364)
Hyper-V role detected

CPU:total 24 (initial active 24) (24 cores per cpu, 2 threads per core) family 25 model 33 stepping 0 microcode 0x0, cmov, cx8, fxsr, mmx, sse, sse2, sse3, ssse3, sse4.1, sse4.2, popcnt, avx, avx2, aes, clmul, erms, mmxext, 3dnowpref, lzcnt, sse4a, ht, tsc, tscinvbit, tscinv, bmi1, bmi2,

Memory: 4k page, system-wide physical 16329M (551M free)
TotalPageFile size 36545M (AvailPageFile size 158M)
current process WorkingSet (physical memory assigned to process): 10M, peak: 10M
current process commit charge ("private bytes"): 82M, peak: 338M

vm_info: Java HotSpot(TM) 64-Bit Server VM (11.0.10+8-LTS-162) for windows-amd64 JRE (11.0.10+8-LTS-162), built on Dec  8 2020 16:32:57 by "mach5one" with MS VC++ 15.9 (VS2017)

END.
